
        Time: Sun Feb 16 2025 19:17:41 GMT+0530 (India Standard Time)
        IP: ::1
        Location: Unknown, Unknown
        User-Agent: Mozilla/5.0 (Macintosh; Intel Mac OS X 10_15_7) AppleWebKit/605.1.15 (KHTML, like Gecko) Version/18.3 Safari/605.1.15
        Email Used: abhishekinfinite786@gmail.com
        -----------------------------
        
            Time: Sun Feb 16 2025 21:44:16 GMT+0530 (India Standard Time)
            IP: ::1
            Location: Unknown, Unknown
            User-Agent: Mozilla/5.0 (Macintosh; Intel Mac OS X 10_15_7) AppleWebKit/605.1.15 (KHTML, like Gecko) Version/18.3 Safari/605.1.15
            Email Used: abhishekinfinite786@gmail.com
            -----------------------------
            
            Time: Sun Feb 16 2025 21:49:01 GMT+0530 (India Standard Time)
            IP: ::1
            Location: Unknown, Unknown
            User-Agent: Mozilla/5.0 (Macintosh; Intel Mac OS X 10_15_7) AppleWebKit/605.1.15 (KHTML, like Gecko) Version/18.3 Safari/605.1.15
            Email Used: abhishekinfinite786@gmail.com
            -----------------------------
            
            Time: Mon Feb 17 2025 12:21:29 GMT+0530 (India Standard Time)
            IP: ::1
            Location: Unknown, Unknown
            User-Agent: Mozilla/5.0 (Macintosh; Intel Mac OS X 10_15_7) AppleWebKit/605.1.15 (KHTML, like Gecko) Version/18.3 Safari/605.1.15
            Email Used: abhishekinfinite786@gmail.com
            -----------------------------
            
            Time: Mon Feb 17 2025 12:23:50 GMT+0530 (India Standard Time)
            IP: ::1
            Location: Unknown, Unknown
            User-Agent: Mozilla/5.0 (Macintosh; Intel Mac OS X 10_15_7) AppleWebKit/605.1.15 (KHTML, like Gecko) Version/18.3 Safari/605.1.15
            Email Used: abhishekinfinite786@gmail.com
            -----------------------------
            
            Time: Mon Feb 17 2025 12:25:11 GMT+0530 (India Standard Time)
            IP: ::1
            Location: Unknown, Unknown
            User-Agent: Mozilla/5.0 (Macintosh; Intel Mac OS X 10_15_7) AppleWebKit/605.1.15 (KHTML, like Gecko) Version/18.3 Safari/605.1.15
            Email Used: abhishekinfinite786@gmail.com
            -----------------------------
            
            Time: Mon Feb 17 2025 12:29:19 GMT+0530 (India Standard Time)
            IP: ::1
            Location: Unknown, Unknown
            User-Agent: Mozilla/5.0 (Macintosh; Intel Mac OS X 10_15_7) AppleWebKit/605.1.15 (KHTML, like Gecko) Version/18.3 Safari/605.1.15
            Email Used: abhishekinfinite786@gmail.com
            -----------------------------
            
            Time: Mon Feb 17 2025 12:30:07 GMT+0530 (India Standard Time)
            IP: ::1
            Location: Unknown, Unknown
            User-Agent: Mozilla/5.0 (Macintosh; Intel Mac OS X 10_15_7) AppleWebKit/605.1.15 (KHTML, like Gecko) Version/18.3 Safari/605.1.15
            Email Used: abhishekinfinite786@gmail.com
            -----------------------------
            
            Time: Mon Feb 17 2025 12:31:27 GMT+0530 (India Standard Time)
            IP: ::1
            Location: Unknown, Unknown
            User-Agent: Mozilla/5.0 (Macintosh; Intel Mac OS X 10_15_7) AppleWebKit/605.1.15 (KHTML, like Gecko) Version/18.3 Safari/605.1.15
            Email Used: abhishekinfinite786@gmail.com
            -----------------------------
            
            Time: Mon Feb 17 2025 12:33:13 GMT+0530 (India Standard Time)
            IP: ::1
            Location: Unknown, Unknown
            User-Agent: Mozilla/5.0 (Macintosh; Intel Mac OS X 10_15_7) AppleWebKit/605.1.15 (KHTML, like Gecko) Version/18.3 Safari/605.1.15
            Email Used: abhishekinfinite786@gmail.com
            -----------------------------
            
            Time: Mon Feb 17 2025 12:47:48 GMT+0530 (India Standard Time)
            IP: ::ffff:192.168.226.115
            Location: Unknown, Unknown
            User-Agent: Mozilla/5.0 (X11; Linux x86_64) AppleWebKit/537.36 (KHTML, like Gecko) Chrome/133.0.0.0 Safari/537.36
            Email Used: suhail24097@iiitd.ac.in
            -----------------------------
            
            Time: Mon Feb 17 2025 19:33:56 GMT+0530 (India Standard Time)
            IP: ::1
            Location: Unknown, Unknown
            User-Agent: Mozilla/5.0 (Macintosh; Intel Mac OS X 10_15_7) AppleWebKit/605.1.15 (KHTML, like Gecko) Version/18.3 Safari/605.1.15
            Email Used: suhail24097@iiitd.ac.in
            -----------------------------
            
            Time: Mon Feb 17 2025 20:29:51 GMT+0530 (India Standard Time)
            IP: ::1
            Location: Unknown, Unknown
            User-Agent: Mozilla/5.0 (Macintosh; Intel Mac OS X 10_15_7) AppleWebKit/605.1.15 (KHTML, like Gecko) Version/18.3 Safari/605.1.15
            Email Used: abhishekinfinite786@gmail.com
            -----------------------------
        
            Time: Mon Feb 17 2025 20:38:26 GMT+0530 (India Standard Time)
            IP: ::1
            Location: Unknown, Unknown
            User-Agent: Mozilla/5.0 (Macintosh; Intel Mac OS X 10_15_7) AppleWebKit/605.1.15 (KHTML, like Gecko) Version/18.3 Safari/605.1.15
            Email Used: abhishekinfinite786@gmail.com
            -----------------------------
        
            Time: Thu Feb 20 2025 12:10:39 GMT+0530 (India Standard Time)
            IP: ::1
            Location: Unknown, Unknown
            User-Agent: Mozilla/5.0 (Macintosh; Intel Mac OS X 10_15_7) AppleWebKit/605.1.15 (KHTML, like Gecko) Version/18.3 Safari/605.1.15
            Email Used: kumaraman77420@gmail.com
            -----------------------------
        
            Time: Thu Feb 20 2025 12:14:51 GMT+0530 (India Standard Time)
            IP: ::1
            Location: Unknown, Unknown
            User-Agent: Mozilla/5.0 (Macintosh; Intel Mac OS X 10_15_7) AppleWebKit/605.1.15 (KHTML, like Gecko) Version/18.3 Safari/605.1.15
            Email Used: kumaraman77420@gmail.com
            -----------------------------
        
            Time: Thu Feb 20 2025 12:17:09 GMT+0530 (India Standard Time)
            IP: ::1
            Location: Unknown, Unknown
            User-Agent: Mozilla/5.0 (Macintosh; Intel Mac OS X 10_15_7) AppleWebKit/605.1.15 (KHTML, like Gecko) Version/18.3 Safari/605.1.15
            Email Used: abhishekinfinite786@gmail.com
            -----------------------------
        
            Time: Thu Feb 20 2025 12:30:15 GMT+0530 (India Standard Time)
            IP: ::1
            Location: Unknown, Unknown
            User-Agent: Mozilla/5.0 (Macintosh; Intel Mac OS X 10_15_7) AppleWebKit/605.1.15 (KHTML, like Gecko) Version/18.3 Safari/605.1.15
            Email Used: kumaraman77420@gmail.com
            -----------------------------
        
            Time: Thu Feb 20 2025 12:33:52 GMT+0530 (India Standard Time)
            IP: ::1
            Location: Unknown, Unknown
            User-Agent: Mozilla/5.0 (Macintosh; Intel Mac OS X 10_15_7) AppleWebKit/605.1.15 (KHTML, like Gecko) Version/18.3 Safari/605.1.15
            Email Used: kumaraman77420@gmail.com
            -----------------------------
        
            Time: Sat Mar 08 2025 13:56:34 GMT+0530 (India Standard Time)
            IP: ::1
            Location: Unknown, Unknown
            User-Agent: Mozilla/5.0 (Macintosh; Intel Mac OS X 10_15_7) AppleWebKit/605.1.15 (KHTML, like Gecko) Version/18.3 Safari/605.1.15
            Email Used: abhishekinfinite786@gmail.com
            -----------------------------
        
            Time: Tue Apr 08 2025 16:25:55 GMT+0530 (India Standard Time)
            IP: ::ffff:192.168.42.47
            Location: Unknown, Unknown
            User-Agent: Mozilla/5.0 (Windows NT 10.0; Win64; x64) AppleWebKit/537.36 (KHTML, like Gecko) Chrome/135.0.0.0 Safari/537.36 Edg/135.0.0.0
            Email Used: tabassum24143@iiitd.ac.in
            -----------------------------
        